2025-04-24 00:02:16,483 - INFO - --- System Information ---
2025-04-24 00:02:16,483 - INFO - Python Version: 3.11.11 (main, Dec  4 2024, 08:55:07) [GCC 11.4.0]
2025-04-24 00:02:16,483 - INFO - Torch Version: 2.7.0+cu126
2025-04-24 00:02:16,483 - INFO - Datasets Version: 3.5.0
2025-04-24 00:02:16,483 - INFO - CPU Count: 192
2025-04-24 00:02:16,483 - INFO - Total RAM: 2015.55 GB
2025-04-24 00:02:16,502 - INFO - GPU: NVIDIA H200
2025-04-24 00:02:16,502 - INFO - Total VRAM: 139.72 GB
2025-04-24 00:02:16,502 - INFO - CUDA Version: 12.6
2025-04-24 00:02:16,502 - INFO - Using Device: cuda:0
2025-04-24 00:02:16,502 - INFO - --------------------------
2025-04-24 00:02:16,502 - INFO - Loading calibration dataset from: /workspace/calibration_data/sevenllm_instruct_subset_manual/
2025-04-24 00:02:16,507 - INFO - Loaded and selected 200 calibration samples.
2025-04-24 00:02:16,507 - INFO - Using column 'instruction' for calibration text.
2025-04-24 00:02:16,507 - INFO - --- Starting Model Quantization ---
2025-04-24 00:02:16,507 - INFO - 
Processing model: Mistral-7B-Instruct-v0.3
2025-04-24 00:02:16,507 - INFO - Input path (HF): /workspace/models/Mistral-7B-Instruct-v0.3/
2025-04-24 00:02:16,507 - INFO - ONNX Export Path (Intermediate): /workspace/models/Mistral-7B-Instruct-v0.3/temp-fp32-onnx-export
2025-04-24 00:02:16,507 - INFO - Output path (Quantized ONNX files): /workspace/models/Mistral-7B-Instruct-v0.3/
2025-04-24 00:02:16,507 - INFO - Trust remote code: True
2025-04-24 00:02:16,507 - INFO - Model Task: text-generation
2025-04-24 00:02:16,507 - INFO - Exporting Mistral-7B-Instruct-v0.3 from Hugging Face format to ONNX...
2025-04-24 00:09:26,097 - ERROR - Error during processing for Mistral-7B-Instruct-v0.3: An error occured during validation, but the model was saved nonetheless at /workspace/models/Mistral-7B-Instruct-v0.3/temp-fp32-onnx-export. Detailed error: Required inputs (['onnx::Gather_3']) are missing from input feed (['input_ids', 'attention_mask', 'position_ids'])..
Traceback (most recent call last):
  File "/workspace/testbedvenv/lib/python3.11/site-packages/optimum/exporters/onnx/convert.py", line 1225, in onnx_export_from_model
    validate_models_outputs(
  File "/workspace/testbedvenv/lib/python3.11/site-packages/optimum/exporters/onnx/convert.py", line 163, in validate_models_outputs
    raise exceptions[-1][1]
  File "/workspace/testbedvenv/lib/python3.11/site-packages/optimum/exporters/onnx/convert.py", line 146, in validate_models_outputs
    validate_model_outputs(
  File "/workspace/testbedvenv/lib/python3.11/site-packages/optimum/exporters/onnx/convert.py", line 216, in validate_model_outputs
    _run_validation(
  File "/workspace/testbedvenv/lib/python3.11/site-packages/optimum/exporters/onnx/convert.py", line 352, in _run_validation
    onnx_outputs = session.run(onnx_named_outputs, onnx_inputs)
                   ^^^^^^^^^^^^^^^^^^^^^^^^^^^^^^^^^^^^^^^^^^^^
  File "/workspace/testbedvenv/lib/python3.11/site-packages/optimum/exporters/onnx/utils.py", line 172, in run
    return self.sess.run(*args)
           ^^^^^^^^^^^^^^^^^^^^
  File "/workspace/testbedvenv/lib/python3.11/site-packages/onnxruntime/capi/onnxruntime_inference_collection.py", line 216, in run
    self._validate_input(list(input_feed.keys()))
  File "/workspace/testbedvenv/lib/python3.11/site-packages/onnxruntime/capi/onnxruntime_inference_collection.py", line 198, in _validate_input
    raise ValueError(
ValueError: Required inputs (['onnx::Gather_3']) are missing from input feed (['input_ids', 'attention_mask', 'position_ids']).

During handling of the above exception, another exception occurred:

Traceback (most recent call last):
  File "/workspace/code/quantize_models.py", line 157, in <module>
    main_export(
  File "/workspace/testbedvenv/lib/python3.11/site-packages/optimum/exporters/onnx/__main__.py", line 375, in main_export
    onnx_export_from_model(
  File "/workspace/testbedvenv/lib/python3.11/site-packages/optimum/exporters/onnx/convert.py", line 1248, in onnx_export_from_model
    raise Exception(
Exception: An error occured during validation, but the model was saved nonetheless at /workspace/models/Mistral-7B-Instruct-v0.3/temp-fp32-onnx-export. Detailed error: Required inputs (['onnx::Gather_3']) are missing from input feed (['input_ids', 'attention_mask', 'position_ids'])..
2025-04-24 00:09:26,101 - INFO - Attempting to clean up failed export directory: /workspace/models/Mistral-7B-Instruct-v0.3/temp-fp32-onnx-export
2025-04-24 00:09:26,102 - INFO - Cleaned up failed export directory: /workspace/models/Mistral-7B-Instruct-v0.3/temp-fp32-onnx-export
2025-04-24 00:09:26,102 - INFO - --- Model Quantization Finished ---
